<?xml version="1.0" encoding="UTF-8"?>
<!-- Generated by org.testng.reporters.JUnitReportReporter -->
<testsuite hostname="DESKTOP-PKRGAQS" failures="0" tests="2" name="Package1.demo" time="7.026" errors="0" timestamp="2023-04-28T11:20:29 IST" skipped="0">
  <testcase classname="Package1.demo" name="login" time="3.983"/>
  <system-out/>
  <testcase classname="Package1.demo" name="details" time="3.043"/>
  <system-out/>
</testsuite> <!-- Package1.demo -->
