<?xml version="1.0" encoding="UTF-8"?>
<!-- Generated by org.testng.reporters.JUnitReportReporter -->
<testsuite hostname="DESKTOP-PKRGAQS" failures="0" tests="1" name="TestCases.Test_Cases" time="50.647" errors="0" timestamp="2023-06-30T13:27:18 IST" skipped="0">
  <testcase classname="TestCases.Test_Cases" name="Test_Case" time="50.647"/>
  <system-out/>
</testsuite> <!-- TestCases.Test_Cases -->
