<?xml version="1.0" encoding="UTF-8"?>
<!-- Generated by org.testng.reporters.JUnitReportReporter -->
<testsuite hostname="DESKTOP-PKRGAQS" failures="0" tests="1" name="TestCases.Login_PageTest" time="9.893" errors="0" timestamp="2023-06-27T10:46:54 IST" skipped="0">
  <testcase classname="TestCases.Login_PageTest" name="Login" time="9.893"/>
  <system-out/>
</testsuite> <!-- TestCases.Login_PageTest -->
