<?xml version="1.0" encoding="UTF-8"?>
<!-- Generated by org.testng.reporters.JUnitReportReporter -->
<testsuite hostname="DESKTOP-PKRGAQS" failures="0" tests="1" name="Test_Cases.Test_Cases" time="13.229" errors="0" timestamp="2023-06-26T19:39:12 IST" skipped="0">
  <testcase classname="Test_Cases.Test_Cases" name="Test_Case1" time="13.229"/>
  <system-out/>
</testsuite> <!-- Test_Cases.Test_Cases -->
