<?xml version="1.0" encoding="UTF-8"?>
<!-- Generated by org.testng.reporters.JUnitReportReporter -->
<testsuite hostname="DESKTOP-PKRGAQS" failures="0" tests="6" name="Package1.RA" time="17.318" errors="0" timestamp="2023-02-09T12:44:01 IST" skipped="0">
  <testcase classname="Package1.RA" name="test5" time="2.111"/>
  <system-out/>
  <testcase classname="Package1.RA" name="test6" time="2.048"/>
  <system-out/>
  <testcase classname="Package1.RA" name="test4" time="3.617"/>
  <system-out/>
  <testcase classname="Package1.RA" name="test3" time="2.447"/>
  <system-out/>
  <testcase classname="Package1.RA" name="test1" time="5.542"/>
  <system-out/>
  <testcase classname="Package1.RA" name="test2" time="1.553"/>
  <system-out/>
</testsuite> <!-- Package1.RA -->
