<?xml version="1.0" encoding="UTF-8"?>
<!-- Generated by org.testng.reporters.JUnitReportReporter -->
<testsuite hostname="DESKTOP-PKRGAQS" failures="0" tests="1" name="Package1.dd" time="0.009" errors="0" timestamp="2023-05-07T11:09:52 IST" skipped="0">
  <testcase classname="Package1.dd" name="f" time="0.009"/>
  <system-out/>
</testsuite> <!-- Package1.dd -->
