<?xml version="1.0" encoding="UTF-8"?>
<!-- Generated by org.testng.reporters.JUnitReportReporter -->
<testsuite hostname="DESKTOP-PKRGAQS" failures="0" tests="1" name="Package1.NewTest" time="13.117" errors="0" timestamp="2023-05-26T13:35:19 IST" skipped="0">
  <testcase classname="Package1.NewTest" name="f" time="13.117"/>
  <system-out/>
</testsuite> <!-- Package1.NewTest -->
