<?xml version="1.0" encoding="UTF-8"?>
<!-- Generated by org.testng.reporters.JUnitReportReporter -->
<testsuite hostname="DESKTOP-PKRGAQS" failures="0" tests="1" name="Package2.Frames" time="6.451" errors="0" timestamp="2023-03-08T14:11:23 IST" skipped="0">
  <testcase classname="Package2.Frames" name="Frames" time="6.451"/>
  <system-out/>
</testsuite> <!-- Package2.Frames -->
