<?xml version="1.0" encoding="UTF-8"?>
<!-- Generated by org.testng.reporters.JUnitReportReporter -->
<testsuite hostname="DESKTOP-PKRGAQS" failures="0" tests="1" name="Package2.Extent_Report" time="24.443" errors="0" timestamp="2023-03-07T18:02:51 IST" skipped="0">
  <testcase classname="Package2.Extent_Report" name="ohrm" time="24.443"/>
  <system-out/>
</testsuite> <!-- Package2.Extent_Report -->
