<?xml version="1.0" encoding="UTF-8"?>
<!-- Generated by org.testng.reporters.JUnitReportReporter -->
<testsuite hostname="DESKTOP-PKRGAQS" failures="0" tests="2" name="Package2.Parallel_Test" time="37.684" errors="0" timestamp="2023-03-06T12:25:19 IST" skipped="0">
  <testcase classname="Package2.Parallel_Test" name="f" time="18.807"/>
  <system-out/>
  <testcase classname="Package2.Parallel_Test" name="f" time="18.877"/>
  <system-out/>
</testsuite> <!-- Package2.Parallel_Test -->
