<?xml version="1.0" encoding="UTF-8"?>
<!-- Generated by org.testng.reporters.JUnitReportReporter -->
<testsuite hostname="DESKTOP-PKRGAQS" failures="0" tests="2" name="Package2.group" time="0.021" errors="0" timestamp="2023-03-06T15:46:13 IST" skipped="0">
  <testcase classname="Package2.group" name="testcase3" time="0.015"/>
  <system-out/>
  <testcase classname="Package2.group" name="testcase1" time="0.006"/>
  <system-out/>
</testsuite> <!-- Package2.group -->
