<?xml version="1.0" encoding="UTF-8"?>
<!-- Generated by org.testng.reporters.JUnitReportReporter -->
<testsuite hostname="DESKTOP-PKRGAQS" failures="0" tests="1" name="Package1.DD" time="44.038" errors="0" timestamp="2023-04-28T12:10:14 IST" skipped="0">
  <testcase classname="Package1.DD" name="datadriven" time="44.038"/>
  <system-out/>
</testsuite> <!-- Package1.DD -->
