<?xml version="1.0" encoding="UTF-8"?>
<!-- Generated by org.testng.reporters.JUnitReportReporter -->
<testsuite hostname="DESKTOP-PKRGAQS" failures="0" tests="1" name="Package1.DD" time="42.168" errors="0" timestamp="2022-12-30T14:28:38 IST" skipped="0">
  <testcase classname="Package1.DD" name="datadriven" time="42.168"/>
  <system-out/>
</testsuite> <!-- Package1.DD -->
