<?xml version="1.0" encoding="UTF-8"?>
<!-- Generated by org.testng.reporters.JUnitReportReporter -->
<testsuite hostname="DESKTOP-PKRGAQS" failures="0" tests="1" name="Package1.resizable" time="10.972" errors="0" timestamp="2022-12-29T18:52:19 IST" skipped="0">
  <testcase classname="Package1.resizable" name="rs" time="10.972"/>
  <system-out/>
</testsuite> <!-- Package1.resizable -->
