<?xml version="1.0" encoding="UTF-8"?>
<!-- Generated by org.testng.reporters.JUnitReportReporter -->
<testsuite hostname="DESKTOP-PKRGAQS" failures="0" tests="1" name="Package1.Demo" time="60.795" errors="0" timestamp="2023-03-09T13:40:38 IST" skipped="0">
  <testcase classname="Package1.Demo" name="demo" time="60.795"/>
  <system-out/>
</testsuite> <!-- Package1.Demo -->
