<?xml version="1.0" encoding="UTF-8"?>
<!-- Generated by org.testng.reporters.JUnitReportReporter -->
<testsuite hostname="DESKTOP-PKRGAQS" failures="0" tests="1" name="Package1.TestCases" time="23.716" errors="0" timestamp="2023-05-30T15:04:32 IST" skipped="0">
  <testcase classname="Package1.TestCases" name="Test_Case1" time="23.716"/>
  <system-out/>
</testsuite> <!-- Package1.TestCases -->
